<?xml version="1.0" encoding="UTF-8"?>
<testng-results ignored="0" total="1" passed="1" failed="0" skipped="0">
  <reporter-output>
  </reporter-output>
  <suite started-at="2019-08-22T10:16:14Z" name="Default suite" finished-at="2019-08-22T10:16:42Z" duration-ms="27582">
    <groups>
    </groups>
    <test started-at="2019-08-22T10:16:14Z" name="Default test" finished-at="2019-08-22T10:16:42Z" duration-ms="27582">
      <class name="makeMyTrip.flightBooking">
        <test-method is-config="true" signature="beforeClass()[pri:0, instance:makeMyTrip.flightBooking@ae13544]" started-at="2019-08-22T10:16:14Z" name="beforeClass" finished-at="2019-08-22T10:16:23Z" duration-ms="9140" status="PASS">
          <reporter-output>
          </reporter-output>
        </test-method> <!-- beforeClass -->
        <test-method signature="bookingFlight()[pri:0, instance:makeMyTrip.flightBooking@ae13544]" started-at="2019-08-22T10:16:23Z" name="bookingFlight" finished-at="2019-08-22T10:16:42Z" duration-ms="18401" status="PASS">
          <reporter-output>
          </reporter-output>
        </test-method> <!-- bookingFlight -->
        <test-method is-config="true" signature="tearDown()[pri:0, instance:makeMyTrip.flightBooking@ae13544]" started-at="2019-08-22T10:16:42Z" name="tearDown" finished-at="2019-08-22T10:16:42Z" duration-ms="0" status="PASS">
          <reporter-output>
          </reporter-output>
        </test-method> <!-- tearDown -->
      </class> <!-- makeMyTrip.flightBooking -->
    </test> <!-- Default test -->
  </suite> <!-- Default suite -->
</testng-results>
